Using pre-set license
Built from '2020.3/staging' branch; Version is '2020.3.8f1 (507919d4fff5) revision 5273881'; Using compiler version '192528614'; Build Type 'Release'
OS: 'Windows 10 Pro; OS build 19045.3570; Version 2009; 64bit' Language: 'en' Physical Memory: 16313 MB
BatchMode: 1, IsHumanControllingUs: 0, StartBugReporterOnCrash: 0, Is64bit: 1, IsPro: 0

 COMMAND LINE ARGUMENTS:
C:\Program Files\Unity\Hub\Editor\2020.3.8f1\Editor\Unity.exe
-adb2
-batchMode
-noUpm
-name
AssetImportWorker0
-projectPath
C:/Users/PC_USER/Documents/Projetos/Games/MetroidvaniaSample/Code/Metroidvania Sample
-logFile
Logs/AssetImportWorker0.log
-srvPort
52463
Successfully changed project path to: C:/Users/PC_USER/Documents/Projetos/Games/MetroidvaniaSample/Code/Metroidvania Sample
C:/Users/PC_USER/Documents/Projetos/Games/MetroidvaniaSample/Code/Metroidvania Sample
Using Asset Import Pipeline V2.
Refreshing native plugins compatible for Editor in 35.54 ms, found 1 plugins.
Preloading 0 native plugins for Editor in 0.00 ms.
Initialize engine version: 2020.3.8f1 (507919d4fff5)
[Subsystems] Discovering subsystems at path C:/Program Files/Unity/Hub/Editor/2020.3.8f1/Editor/Data/Resources/UnitySubsystems
[Subsystems] Discovering subsystems at path C:/Users/PC_USER/Documents/Projetos/Games/MetroidvaniaSample/Code/Metroidvania Sample/Assets
GfxDevice: creating device client; threaded=0
Direct3D:
    Version:  Direct3D 11.0 [level 11.1]
    Renderer: NVIDIA GeForce GTX 1050 Ti (ID=0x1c82)
    Vendor:   
    VRAM:     4017 MB
    Driver:   31.0.15.3623
Initialize mono
Mono path[0] = 'C:/Program Files/Unity/Hub/Editor/2020.3.8f1/Editor/Data/Managed'
Mono path[1] = 'C:/Program Files/Unity/Hub/Editor/2020.3.8f1/Editor/Data/MonoBleedingEdge/lib/mono/unityjit'
Mono config path = 'C:/Program Files/Unity/Hub/Editor/2020.3.8f1/Editor/Data/MonoBleedingEdge/etc'
Using monoOptions --debugger-agent=transport=dt_socket,embedding=1,server=y,suspend=n,address=127.0.0.1:56828
Begin MonoManager ReloadAssembly
Registering precompiled unity dll's ...
Register platform support module: C:/Program Files/Unity/Hub/Editor/2020.3.8f1/Editor/Data/PlaybackEngines/WindowsStandaloneSupport/UnityEditor.WindowsStandalone.Extensions.dll
Registered in 0.002302 seconds.
Native extension for WindowsStandalone target not found
Refreshing native plugins compatible for Editor in 37.89 ms, found 1 plugins.
Preloading 0 native plugins for Editor in 0.00 ms.
Mono: successfully reloaded assembly
- Completed reload, in  3.720 seconds
Platform modules already initialized, skipping
Registering precompiled user dll's ...
Registered in 0.001144 seconds.
Begin MonoManager ReloadAssembly
Native extension for WindowsStandalone target not found
Refreshing native plugins compatible for Editor in 36.42 ms, found 1 plugins.
Preloading 0 native plugins for Editor in 0.00 ms.
Mono: successfully reloaded assembly
- Completed reload, in  0.939 seconds
Platform modules already initialized, skipping
========================================================================
Worker process is ready to serve import requests
Launched and connected shader compiler UnityShaderCompiler.exe after 0.08 seconds
Refreshing native plugins compatible for Editor in 0.33 ms, found 1 plugins.
Preloading 0 native plugins for Editor in 0.00 ms.
Unloading 1813 Unused Serialized files (Serialized files now loaded: 0)
System memory in use before: 85.8 MB.
System memory in use after: 85.7 MB.

Unloading 24 unused Assets to reduce memory usage. Loaded Objects now: 2257.
Total: 1.827100 ms (FindLiveObjects: 0.169000 ms CreateObjectMapping: 0.071600 ms MarkObjects: 1.465700 ms  DeleteObjects: 0.119700 ms)

========================================================================
Received Import Request.
  path: ProjectSettings/TagManager.asset
  artifactKey: Guid(00000000000000003000000000000000) Importer(815301076,1909f56bfc062723c751e8b465ee728b)
Start importing ProjectSettings/TagManager.asset using Guid(00000000000000003000000000000000) Importer(815301076,1909f56bfc062723c751e8b465ee728b)  -> (artifact id: '952fb13113825eeaf0e9269d7cfc1f3e') in 0.041376 seconds
  Import took 0.043927 seconds .

========================================================================
Received Import Request.
  Time since last request: 22.345890 seconds.
  path: Assets/Prefabs/Destructible Block.prefab
  artifactKey: Guid(254371f93c3fa2d4691dcf563c24e2ae) Importer(815301076,1909f56bfc062723c751e8b465ee728b)
Start importing Assets/Prefabs/Destructible Block.prefab using Guid(254371f93c3fa2d4691dcf563c24e2ae) Importer(815301076,1909f56bfc062723c751e8b465ee728b)  -> (artifact id: '7946627a5c19c9bcda73a1e665bea29c') in 0.075649 seconds
  Import took 0.078477 seconds .

========================================================================
Received Prepare
Registering precompiled user dll's ...
Registered in 0.001227 seconds.
Begin MonoManager ReloadAssembly
Native extension for WindowsStandalone target not found
Refreshing native plugins compatible for Editor in 0.36 ms, found 1 plugins.
Preloading 0 native plugins for Editor in 0.00 ms.
Mono: successfully reloaded assembly
- Completed reload, in  0.863 seconds
Platform modules already initialized, skipping
Refreshing native plugins compatible for Editor in 0.33 ms, found 1 plugins.
Preloading 0 native plugins for Editor in 0.00 ms.
Unloading 1808 Unused Serialized files (Serialized files now loaded: 0)
System memory in use before: 88.9 MB.
System memory in use after: 88.8 MB.

Unloading 13 unused Assets to reduce memory usage. Loaded Objects now: 2268.
Total: 2.107300 ms (FindLiveObjects: 0.193700 ms CreateObjectMapping: 0.066100 ms MarkObjects: 1.671300 ms  DeleteObjects: 0.174500 ms)

========================================================================
Received Prepare
Registering precompiled user dll's ...
Registered in 0.001066 seconds.
Begin MonoManager ReloadAssembly
Native extension for WindowsStandalone target not found
Refreshing native plugins compatible for Editor in 0.55 ms, found 1 plugins.
Preloading 0 native plugins for Editor in 0.00 ms.
Mono: successfully reloaded assembly
- Completed reload, in  0.874 seconds
Platform modules already initialized, skipping
Refreshing native plugins compatible for Editor in 0.36 ms, found 1 plugins.
Preloading 0 native plugins for Editor in 0.00 ms.
Unloading 1808 Unused Serialized files (Serialized files now loaded: 0)
System memory in use before: 88.9 MB.
System memory in use after: 88.9 MB.

Unloading 12 unused Assets to reduce memory usage. Loaded Objects now: 2272.
Total: 1.818100 ms (FindLiveObjects: 0.220200 ms CreateObjectMapping: 0.068400 ms MarkObjects: 1.431500 ms  DeleteObjects: 0.096900 ms)

========================================================================
Received Import Request.
  Time since last request: 519.862975 seconds.
  path: Assets/Prefabs/Bomb.prefab
  artifactKey: Guid(4c3c77eb3f857f344a6ab050549de820) Importer(815301076,1909f56bfc062723c751e8b465ee728b)
Start importing Assets/Prefabs/Bomb.prefab using Guid(4c3c77eb3f857f344a6ab050549de820) Importer(815301076,1909f56bfc062723c751e8b465ee728b)  -> (artifact id: '904c7a9fb743b431703198112d32e610') in 0.056453 seconds
  Import took 0.059768 seconds .

========================================================================
Received Import Request.
  Time since last request: 5.137467 seconds.
  path: Assets/Prefabs/Bomb.prefab
  artifactKey: Guid(4c3c77eb3f857f344a6ab050549de820) Importer(815301076,1909f56bfc062723c751e8b465ee728b)
Start importing Assets/Prefabs/Bomb.prefab using Guid(4c3c77eb3f857f344a6ab050549de820) Importer(815301076,1909f56bfc062723c751e8b465ee728b)  -> (artifact id: '4bca1339b01ee57c6be6dbdb23c7c91e') in 0.010477 seconds
  Import took 0.013467 seconds .

========================================================================
Received Import Request.
  Time since last request: 4.314265 seconds.
  path: Assets/Prefabs/Bomb.prefab
  artifactKey: Guid(4c3c77eb3f857f344a6ab050549de820) Importer(815301076,1909f56bfc062723c751e8b465ee728b)
Start importing Assets/Prefabs/Bomb.prefab using Guid(4c3c77eb3f857f344a6ab050549de820) Importer(815301076,1909f56bfc062723c751e8b465ee728b)  -> (artifact id: 'b9c91a0ec4d538b3cae7a8c471257f4b') in 0.016520 seconds
  Import took 0.019510 seconds .

========================================================================
Received Prepare
Registering precompiled user dll's ...
Registered in 0.001092 seconds.
Begin MonoManager ReloadAssembly
Native extension for WindowsStandalone target not found
Refreshing native plugins compatible for Editor in 0.38 ms, found 1 plugins.
Preloading 0 native plugins for Editor in 0.00 ms.
Mono: successfully reloaded assembly
- Completed reload, in  0.875 seconds
Platform modules already initialized, skipping
Refreshing native plugins compatible for Editor in 0.33 ms, found 1 plugins.
Preloading 0 native plugins for Editor in 0.00 ms.
Unloading 1808 Unused Serialized files (Serialized files now loaded: 0)
System memory in use before: 88.9 MB.
System memory in use after: 88.9 MB.

Unloading 12 unused Assets to reduce memory usage. Loaded Objects now: 2277.
Total: 1.769000 ms (FindLiveObjects: 0.169900 ms CreateObjectMapping: 0.068800 ms MarkObjects: 1.436600 ms  DeleteObjects: 0.092800 ms)

========================================================================
Received Prepare
Registering precompiled user dll's ...
Registered in 0.001055 seconds.
Begin MonoManager ReloadAssembly
Native extension for WindowsStandalone target not found
Refreshing native plugins compatible for Editor in 0.34 ms, found 1 plugins.
Preloading 0 native plugins for Editor in 0.00 ms.
Mono: successfully reloaded assembly
- Completed reload, in  0.846 seconds
Platform modules already initialized, skipping
Refreshing native plugins compatible for Editor in 0.34 ms, found 1 plugins.
Preloading 0 native plugins for Editor in 0.00 ms.
Unloading 1808 Unused Serialized files (Serialized files now loaded: 0)
System memory in use before: 89.0 MB.
System memory in use after: 88.9 MB.

Unloading 12 unused Assets to reduce memory usage. Loaded Objects now: 2281.
Total: 2.115800 ms (FindLiveObjects: 0.196800 ms CreateObjectMapping: 0.072700 ms MarkObjects: 1.725900 ms  DeleteObjects: 0.118900 ms)

========================================================================
Received Import Request.
  Time since last request: 162.790831 seconds.
  path: Assets/Scripts/PlayerAbilityTracker.cs
  artifactKey: Guid(d02e6db6bc34bd24bb54aaba0b931abf) Importer(815301076,1909f56bfc062723c751e8b465ee728b)
Start importing Assets/Scripts/PlayerAbilityTracker.cs using Guid(d02e6db6bc34bd24bb54aaba0b931abf) Importer(815301076,1909f56bfc062723c751e8b465ee728b)  -> (artifact id: '8651af139825413b6c8975d682119627') in 0.013410 seconds
  Import took 0.016313 seconds .

========================================================================
Received Prepare
Registering precompiled user dll's ...
Registered in 0.001119 seconds.
Begin MonoManager ReloadAssembly
Native extension for WindowsStandalone target not found
Refreshing native plugins compatible for Editor in 0.34 ms, found 1 plugins.
Preloading 0 native plugins for Editor in 0.00 ms.
Mono: successfully reloaded assembly
- Completed reload, in  0.847 seconds
Platform modules already initialized, skipping
Refreshing native plugins compatible for Editor in 0.37 ms, found 1 plugins.
Preloading 0 native plugins for Editor in 0.00 ms.
Unloading 1809 Unused Serialized files (Serialized files now loaded: 0)
System memory in use before: 89.0 MB.
System memory in use after: 89.0 MB.

Unloading 12 unused Assets to reduce memory usage. Loaded Objects now: 2286.
Total: 2.129200 ms (FindLiveObjects: 0.262100 ms CreateObjectMapping: 0.072500 ms MarkObjects: 1.672600 ms  DeleteObjects: 0.120400 ms)

========================================================================
Received Prepare
Registering precompiled user dll's ...
Registered in 0.001106 seconds.
Begin MonoManager ReloadAssembly
Native extension for WindowsStandalone target not found
Refreshing native plugins compatible for Editor in 0.33 ms, found 1 plugins.
Preloading 0 native plugins for Editor in 0.00 ms.
Mono: successfully reloaded assembly
- Completed reload, in  0.853 seconds
Platform modules already initialized, skipping
Refreshing native plugins compatible for Editor in 0.37 ms, found 1 plugins.
Preloading 0 native plugins for Editor in 0.00 ms.
Unloading 1809 Unused Serialized files (Serialized files now loaded: 0)
System memory in use before: 89.0 MB.
System memory in use after: 89.0 MB.

Unloading 12 unused Assets to reduce memory usage. Loaded Objects now: 2290.
Total: 1.956800 ms (FindLiveObjects: 0.173400 ms CreateObjectMapping: 0.057000 ms MarkObjects: 1.620900 ms  DeleteObjects: 0.104300 ms)

========================================================================
Received Prepare
Registering precompiled user dll's ...
Registered in 0.001059 seconds.
Begin MonoManager ReloadAssembly
Native extension for WindowsStandalone target not found
Refreshing native plugins compatible for Editor in 0.34 ms, found 1 plugins.
Preloading 0 native plugins for Editor in 0.00 ms.
Mono: successfully reloaded assembly
- Completed reload, in  0.856 seconds
Platform modules already initialized, skipping
Refreshing native plugins compatible for Editor in 0.34 ms, found 1 plugins.
Preloading 0 native plugins for Editor in 0.00 ms.
Unloading 1809 Unused Serialized files (Serialized files now loaded: 0)
System memory in use before: 89.0 MB.
System memory in use after: 89.0 MB.

Unloading 12 unused Assets to reduce memory usage. Loaded Objects now: 2294.
Total: 1.799200 ms (FindLiveObjects: 0.178500 ms CreateObjectMapping: 0.059300 ms MarkObjects: 1.451100 ms  DeleteObjects: 0.109400 ms)

========================================================================
Received Prepare
Registering precompiled user dll's ...
Registered in 0.001616 seconds.
Begin MonoManager ReloadAssembly
Native extension for WindowsStandalone target not found
Refreshing native plugins compatible for Editor in 0.35 ms, found 1 plugins.
Preloading 0 native plugins for Editor in 0.00 ms.
Mono: successfully reloaded assembly
- Completed reload, in  0.852 seconds
Platform modules already initialized, skipping
Refreshing native plugins compatible for Editor in 0.34 ms, found 1 plugins.
Preloading 0 native plugins for Editor in 0.00 ms.
Unloading 1809 Unused Serialized files (Serialized files now loaded: 0)
System memory in use before: 89.0 MB.
System memory in use after: 89.0 MB.

Unloading 12 unused Assets to reduce memory usage. Loaded Objects now: 2298.
Total: 2.164100 ms (FindLiveObjects: 0.188100 ms CreateObjectMapping: 0.056200 ms MarkObjects: 1.819000 ms  DeleteObjects: 0.099000 ms)

========================================================================
Received Prepare
Registering precompiled user dll's ...
Registered in 0.001131 seconds.
Begin MonoManager ReloadAssembly
Native extension for WindowsStandalone target not found
Refreshing native plugins compatible for Editor in 0.52 ms, found 1 plugins.
Preloading 0 native plugins for Editor in 0.00 ms.
Mono: successfully reloaded assembly
- Completed reload, in  0.944 seconds
Platform modules already initialized, skipping
Refreshing native plugins compatible for Editor in 0.34 ms, found 1 plugins.
Preloading 0 native plugins for Editor in 0.00 ms.
Unloading 1809 Unused Serialized files (Serialized files now loaded: 0)
System memory in use before: 89.0 MB.
System memory in use after: 89.0 MB.

Unloading 12 unused Assets to reduce memory usage. Loaded Objects now: 2302.
Total: 1.993600 ms (FindLiveObjects: 0.185000 ms CreateObjectMapping: 0.064900 ms MarkObjects: 1.635200 ms  DeleteObjects: 0.107500 ms)

========================================================================
Received Import Request.
  Time since last request: 767.910106 seconds.
  path: Assets/Scripts/AbilityUnlock.cs
  artifactKey: Guid(ccf368bda73b8ba4985a08c894db05f4) Importer(815301076,1909f56bfc062723c751e8b465ee728b)
Start importing Assets/Scripts/AbilityUnlock.cs using Guid(ccf368bda73b8ba4985a08c894db05f4) Importer(815301076,1909f56bfc062723c751e8b465ee728b)  -> (artifact id: '07dd8217639381ed3d9e3665ab39a0d1') in 0.010899 seconds
  Import took 0.014244 seconds .

========================================================================
Received Prepare
Registering precompiled user dll's ...
Registered in 0.001113 seconds.
Begin MonoManager ReloadAssembly
Native extension for WindowsStandalone target not found
Refreshing native plugins compatible for Editor in 0.34 ms, found 1 plugins.
Preloading 0 native plugins for Editor in 0.00 ms.
Mono: successfully reloaded assembly
- Completed reload, in  0.904 seconds
Platform modules already initialized, skipping
Refreshing native plugins compatible for Editor in 0.33 ms, found 1 plugins.
Preloading 0 native plugins for Editor in 0.00 ms.
Unloading 1810 Unused Serialized files (Serialized files now loaded: 0)
System memory in use before: 89.1 MB.
System memory in use after: 89.0 MB.

Unloading 12 unused Assets to reduce memory usage. Loaded Objects now: 2307.
Total: 1.882000 ms (FindLiveObjects: 0.192900 ms CreateObjectMapping: 0.065000 ms MarkObjects: 1.502500 ms  DeleteObjects: 0.120700 ms)

========================================================================
Received Prepare
Registering precompiled user dll's ...
Registered in 0.001103 seconds.
Begin MonoManager ReloadAssembly
Native extension for WindowsStandalone target not found
Refreshing native plugins compatible for Editor in 0.34 ms, found 1 plugins.
Preloading 0 native plugins for Editor in 0.00 ms.
Mono: successfully reloaded assembly
- Completed reload, in  0.852 seconds
Platform modules already initialized, skipping
Refreshing native plugins compatible for Editor in 0.33 ms, found 1 plugins.
Preloading 0 native plugins for Editor in 0.00 ms.
Unloading 1810 Unused Serialized files (Serialized files now loaded: 0)
System memory in use before: 89.1 MB.
System memory in use after: 89.0 MB.

Unloading 12 unused Assets to reduce memory usage. Loaded Objects now: 2311.
Total: 1.963200 ms (FindLiveObjects: 0.182800 ms CreateObjectMapping: 0.056000 ms MarkObjects: 1.618600 ms  DeleteObjects: 0.104900 ms)

========================================================================
Received Import Request.
  Time since last request: 36.660430 seconds.
  path: Assets/Scripts/AbilityUnlock.cs
  artifactKey: Guid(ccf368bda73b8ba4985a08c894db05f4) Importer(815301076,1909f56bfc062723c751e8b465ee728b)
Start importing Assets/Scripts/AbilityUnlock.cs using Guid(ccf368bda73b8ba4985a08c894db05f4) Importer(815301076,1909f56bfc062723c751e8b465ee728b)  -> (artifact id: '833ee1ee8d35d6ea68f5f772a35d4d7b') in 0.004570 seconds
  Import took 0.007009 seconds .

========================================================================
Received Import Request.
  Time since last request: 7.333910 seconds.
  path: Assets/Scripts/IAbility.cs
  artifactKey: Guid(f5857d86e511b7c4385dd6e4e15f7bb0) Importer(815301076,1909f56bfc062723c751e8b465ee728b)
Start importing Assets/Scripts/IAbility.cs using Guid(f5857d86e511b7c4385dd6e4e15f7bb0) Importer(815301076,1909f56bfc062723c751e8b465ee728b)  -> (artifact id: 'b982c7c0a4057ebbfdbda93e3b43a595') in 0.007683 seconds
  Import took 0.010384 seconds .

========================================================================
Received Prepare
Registering precompiled user dll's ...
Registered in 0.001054 seconds.
Begin MonoManager ReloadAssembly
Native extension for WindowsStandalone target not found
Refreshing native plugins compatible for Editor in 0.36 ms, found 1 plugins.
Preloading 0 native plugins for Editor in 0.00 ms.
Mono: successfully reloaded assembly
- Completed reload, in  0.908 seconds
Platform modules already initialized, skipping
Refreshing native plugins compatible for Editor in 0.38 ms, found 1 plugins.
Preloading 0 native plugins for Editor in 0.00 ms.
Unloading 1811 Unused Serialized files (Serialized files now loaded: 0)
System memory in use before: 89.1 MB.
System memory in use after: 89.1 MB.

Unloading 12 unused Assets to reduce memory usage. Loaded Objects now: 2316.
Total: 2.117700 ms (FindLiveObjects: 0.191300 ms CreateObjectMapping: 0.069000 ms MarkObjects: 1.722800 ms  DeleteObjects: 0.133400 ms)

========================================================================
Received Prepare
Registering precompiled user dll's ...
Registered in 0.001153 seconds.
Begin MonoManager ReloadAssembly
Native extension for WindowsStandalone target not found
Refreshing native plugins compatible for Editor in 0.33 ms, found 1 plugins.
Preloading 0 native plugins for Editor in 0.00 ms.
Mono: successfully reloaded assembly
- Completed reload, in  0.846 seconds
Platform modules already initialized, skipping
Refreshing native plugins compatible for Editor in 0.33 ms, found 1 plugins.
Preloading 0 native plugins for Editor in 0.00 ms.
Unloading 1811 Unused Serialized files (Serialized files now loaded: 0)
System memory in use before: 89.1 MB.
System memory in use after: 89.1 MB.

Unloading 12 unused Assets to reduce memory usage. Loaded Objects now: 2320.
Total: 1.856100 ms (FindLiveObjects: 0.170300 ms CreateObjectMapping: 0.066600 ms MarkObjects: 1.523400 ms  DeleteObjects: 0.094800 ms)

========================================================================
Received Import Request.
  Time since last request: 295.855608 seconds.
  path: Assets/Scripts/IAbility.cs
  artifactKey: Guid(f5857d86e511b7c4385dd6e4e15f7bb0) Importer(815301076,1909f56bfc062723c751e8b465ee728b)
Start importing Assets/Scripts/IAbility.cs using Guid(f5857d86e511b7c4385dd6e4e15f7bb0) Importer(815301076,1909f56bfc062723c751e8b465ee728b)  -> (artifact id: 'a3f4db20b3fd4fad98b8fb38dc3fbc22') in 0.004701 seconds
  Import took 0.007278 seconds .

========================================================================
Received Prepare
Registering precompiled user dll's ...
Registered in 0.001072 seconds.
Begin MonoManager ReloadAssembly
Native extension for WindowsStandalone target not found
Refreshing native plugins compatible for Editor in 0.33 ms, found 1 plugins.
Preloading 0 native plugins for Editor in 0.00 ms.
Mono: successfully reloaded assembly
- Completed reload, in  0.873 seconds
Platform modules already initialized, skipping
Refreshing native plugins compatible for Editor in 0.33 ms, found 1 plugins.
Preloading 0 native plugins for Editor in 0.00 ms.
Unloading 1811 Unused Serialized files (Serialized files now loaded: 0)
System memory in use before: 89.1 MB.
System memory in use after: 89.1 MB.

Unloading 12 unused Assets to reduce memory usage. Loaded Objects now: 2324.
Total: 1.965800 ms (FindLiveObjects: 0.175100 ms CreateObjectMapping: 0.052400 ms MarkObjects: 1.639300 ms  DeleteObjects: 0.098200 ms)

========================================================================
Received Import Request.
  Time since last request: 143.858673 seconds.
  path: Assets/Scripts/IAbility.cs
  artifactKey: Guid(f5857d86e511b7c4385dd6e4e15f7bb0) Importer(815301076,1909f56bfc062723c751e8b465ee728b)
Start importing Assets/Scripts/IAbility.cs using Guid(f5857d86e511b7c4385dd6e4e15f7bb0) Importer(815301076,1909f56bfc062723c751e8b465ee728b)  -> (artifact id: 'a5dc90b879fd50d7f5e4521f57eb567f') in 0.004646 seconds
  Import took 0.007150 seconds .

========================================================================
Received Import Request.
  Time since last request: 44.682866 seconds.
  path: Assets/Scripts/Ability.cs
  artifactKey: Guid(f5857d86e511b7c4385dd6e4e15f7bb0) Importer(815301076,1909f56bfc062723c751e8b465ee728b)
Start importing Assets/Scripts/Ability.cs using Guid(f5857d86e511b7c4385dd6e4e15f7bb0) Importer(815301076,1909f56bfc062723c751e8b465ee728b)  -> (artifact id: '82039146e15ff5caa69c039102e6c0e4') in 0.007871 seconds
  Import took 0.010637 seconds .

========================================================================
Received Prepare
Registering precompiled user dll's ...
Registered in 0.001070 seconds.
Begin MonoManager ReloadAssembly
Native extension for WindowsStandalone target not found
Refreshing native plugins compatible for Editor in 0.35 ms, found 1 plugins.
Preloading 0 native plugins for Editor in 0.00 ms.
Mono: successfully reloaded assembly
- Completed reload, in  0.873 seconds
Platform modules already initialized, skipping
Refreshing native plugins compatible for Editor in 0.35 ms, found 1 plugins.
Preloading 0 native plugins for Editor in 0.00 ms.
Unloading 1811 Unused Serialized files (Serialized files now loaded: 0)
System memory in use before: 89.1 MB.
System memory in use after: 89.1 MB.

Unloading 12 unused Assets to reduce memory usage. Loaded Objects now: 2328.
Total: 1.902600 ms (FindLiveObjects: 0.207500 ms CreateObjectMapping: 0.066800 ms MarkObjects: 1.530700 ms  DeleteObjects: 0.096600 ms)

========================================================================
Received Prepare
Registering precompiled user dll's ...
Registered in 0.001098 seconds.
Begin MonoManager ReloadAssembly
Native extension for WindowsStandalone target not found
Refreshing native plugins compatible for Editor in 0.33 ms, found 1 plugins.
Preloading 0 native plugins for Editor in 0.00 ms.
Mono: successfully reloaded assembly
- Completed reload, in  0.855 seconds
Platform modules already initialized, skipping
Refreshing native plugins compatible for Editor in 0.35 ms, found 1 plugins.
Preloading 0 native plugins for Editor in 0.00 ms.
Unloading 1811 Unused Serialized files (Serialized files now loaded: 0)
System memory in use before: 89.1 MB.
System memory in use after: 89.1 MB.

Unloading 12 unused Assets to reduce memory usage. Loaded Objects now: 2332.
Total: 1.920700 ms (FindLiveObjects: 0.182800 ms CreateObjectMapping: 0.076800 ms MarkObjects: 1.554800 ms  DeleteObjects: 0.105400 ms)

========================================================================
Received Import Request.
  Time since last request: 29.563112 seconds.
  path: Assets/Scripts/Ability.cs
  artifactKey: Guid(f5857d86e511b7c4385dd6e4e15f7bb0) Importer(815301076,1909f56bfc062723c751e8b465ee728b)
Start importing Assets/Scripts/Ability.cs using Guid(f5857d86e511b7c4385dd6e4e15f7bb0) Importer(815301076,1909f56bfc062723c751e8b465ee728b)  -> (artifact id: '51fa2ac17700e2d0f750f643b7d00a9a') in 0.004813 seconds
  Import took 0.007319 seconds .

========================================================================
Received Import Request.
  Time since last request: 6.900974 seconds.
  path: Assets/Scripts/PlayerProfile.cs
  artifactKey: Guid(4852839f727e9d648bcd2e54dc88cf07) Importer(815301076,1909f56bfc062723c751e8b465ee728b)
Start importing Assets/Scripts/PlayerProfile.cs using Guid(4852839f727e9d648bcd2e54dc88cf07) Importer(815301076,1909f56bfc062723c751e8b465ee728b)  -> (artifact id: '465261ae0b0bf388547ead19f900c0f4') in 0.007553 seconds
  Import took 0.010357 seconds .

========================================================================
Received Prepare
Registering precompiled user dll's ...
Registered in 0.001071 seconds.
Begin MonoManager ReloadAssembly
Native extension for WindowsStandalone target not found
Refreshing native plugins compatible for Editor in 0.34 ms, found 1 plugins.
Preloading 0 native plugins for Editor in 0.00 ms.
Mono: successfully reloaded assembly
- Completed reload, in  0.879 seconds
Platform modules already initialized, skipping
Refreshing native plugins compatible for Editor in 0.35 ms, found 1 plugins.
Preloading 0 native plugins for Editor in 0.00 ms.
Unloading 1812 Unused Serialized files (Serialized files now loaded: 0)
System memory in use before: 89.2 MB.
System memory in use after: 89.1 MB.

Unloading 12 unused Assets to reduce memory usage. Loaded Objects now: 2337.
Total: 1.984300 ms (FindLiveObjects: 0.173700 ms CreateObjectMapping: 0.062100 ms MarkObjects: 1.649800 ms  DeleteObjects: 0.097500 ms)

========================================================================
Received Prepare
Registering precompiled user dll's ...
Registered in 0.001092 seconds.
Begin MonoManager ReloadAssembly
Native extension for WindowsStandalone target not found
Refreshing native plugins compatible for Editor in 0.35 ms, found 1 plugins.
Preloading 0 native plugins for Editor in 0.00 ms.
Mono: successfully reloaded assembly
- Completed reload, in  0.857 seconds
Platform modules already initialized, skipping
Refreshing native plugins compatible for Editor in 0.33 ms, found 1 plugins.
Preloading 0 native plugins for Editor in 0.00 ms.
Unloading 1812 Unused Serialized files (Serialized files now loaded: 0)
System memory in use before: 89.2 MB.
System memory in use after: 89.2 MB.

Unloading 12 unused Assets to reduce memory usage. Loaded Objects now: 2341.
Total: 1.818100 ms (FindLiveObjects: 0.172400 ms CreateObjectMapping: 0.055400 ms MarkObjects: 1.477100 ms  DeleteObjects: 0.112400 ms)

========================================================================
Received Import Request.
  Time since last request: 114.503828 seconds.
  path: Assets/Scripts/PlayerProfile.cs
  artifactKey: Guid(4852839f727e9d648bcd2e54dc88cf07) Importer(815301076,1909f56bfc062723c751e8b465ee728b)
Start importing Assets/Scripts/PlayerProfile.cs using Guid(4852839f727e9d648bcd2e54dc88cf07) Importer(815301076,1909f56bfc062723c751e8b465ee728b)  -> (artifact id: 'e0abce1803d8b72bbdc2f59201154124') in 0.004661 seconds
  Import took 0.007163 seconds .

========================================================================
Received Import Request.
  Time since last request: 15.716099 seconds.
  path: Assets/Scripts/AbilitiesListSO.cs
  artifactKey: Guid(db371aac04442b94dba7d450bf507d39) Importer(815301076,1909f56bfc062723c751e8b465ee728b)
Start importing Assets/Scripts/AbilitiesListSO.cs using Guid(db371aac04442b94dba7d450bf507d39) Importer(815301076,1909f56bfc062723c751e8b465ee728b)  -> (artifact id: '611336051e4cc864bd4b11ca2100d12b') in 0.008328 seconds
  Import took 0.011080 seconds .

========================================================================
Received Prepare
Registering precompiled user dll's ...
Registered in 0.001174 seconds.
Begin MonoManager ReloadAssembly
Native extension for WindowsStandalone target not found
Refreshing native plugins compatible for Editor in 0.34 ms, found 1 plugins.
Preloading 0 native plugins for Editor in 0.00 ms.
Mono: successfully reloaded assembly
- Completed reload, in  0.899 seconds
Platform modules already initialized, skipping
Refreshing native plugins compatible for Editor in 0.35 ms, found 1 plugins.
Preloading 0 native plugins for Editor in 0.00 ms.
Unloading 1813 Unused Serialized files (Serialized files now loaded: 0)
System memory in use before: 89.2 MB.
System memory in use after: 89.2 MB.

Unloading 12 unused Assets to reduce memory usage. Loaded Objects now: 2346.
Total: 2.260200 ms (FindLiveObjects: 0.221900 ms CreateObjectMapping: 0.086600 ms MarkObjects: 1.844500 ms  DeleteObjects: 0.106000 ms)

========================================================================
Received Prepare
Registering precompiled user dll's ...
Registered in 0.001091 seconds.
Begin MonoManager ReloadAssembly
Native extension for WindowsStandalone target not found
Refreshing native plugins compatible for Editor in 0.35 ms, found 1 plugins.
Preloading 0 native plugins for Editor in 0.00 ms.
Mono: successfully reloaded assembly
- Completed reload, in  0.844 seconds
Platform modules already initialized, skipping
Refreshing native plugins compatible for Editor in 0.33 ms, found 1 plugins.
Preloading 0 native plugins for Editor in 0.00 ms.
Unloading 1813 Unused Serialized files (Serialized files now loaded: 0)
System memory in use before: 89.2 MB.
System memory in use after: 89.2 MB.

Unloading 12 unused Assets to reduce memory usage. Loaded Objects now: 2350.
Total: 2.030900 ms (FindLiveObjects: 0.189200 ms CreateObjectMapping: 0.061300 ms MarkObjects: 1.682900 ms  DeleteObjects: 0.096400 ms)

========================================================================
Received Import Request.
  Time since last request: 32.857594 seconds.
  path: Assets/Scripts/AbilitiesListSO.cs
  artifactKey: Guid(db371aac04442b94dba7d450bf507d39) Importer(815301076,1909f56bfc062723c751e8b465ee728b)
Start importing Assets/Scripts/AbilitiesListSO.cs using Guid(db371aac04442b94dba7d450bf507d39) Importer(815301076,1909f56bfc062723c751e8b465ee728b)  -> (artifact id: '95752a85b4a0fe2beb0e6fa892b7dfaa') in 0.004749 seconds
  Import took 0.007272 seconds .

========================================================================
Received Prepare
Registering precompiled user dll's ...
Registered in 0.001337 seconds.
Begin MonoManager ReloadAssembly
Native extension for WindowsStandalone target not found
Refreshing native plugins compatible for Editor in 0.35 ms, found 1 plugins.
Preloading 0 native plugins for Editor in 0.00 ms.
Mono: successfully reloaded assembly
- Completed reload, in  0.840 seconds
Platform modules already initialized, skipping
Refreshing native plugins compatible for Editor in 0.34 ms, found 1 plugins.
Preloading 0 native plugins for Editor in 0.00 ms.
Unloading 1813 Unused Serialized files (Serialized files now loaded: 0)
System memory in use before: 89.2 MB.
System memory in use after: 89.2 MB.

Unloading 12 unused Assets to reduce memory usage. Loaded Objects now: 2354.
Total: 1.796900 ms (FindLiveObjects: 0.165400 ms CreateObjectMapping: 0.057200 ms MarkObjects: 1.478900 ms  DeleteObjects: 0.094500 ms)

========================================================================
Received Import Request.
  Time since last request: 62.580281 seconds.
  path: Assets/Scripts/AbilitiesListSO.cs
  artifactKey: Guid(db371aac04442b94dba7d450bf507d39) Importer(815301076,1909f56bfc062723c751e8b465ee728b)
Start importing Assets/Scripts/AbilitiesListSO.cs using Guid(db371aac04442b94dba7d450bf507d39) Importer(815301076,1909f56bfc062723c751e8b465ee728b)  -> (artifact id: 'e2d298d129ff87c9bb042fdd9a8c25fc') in 0.009015 seconds
  Import took 0.011631 seconds .

========================================================================
Received Import Request.
  Time since last request: 15.489736 seconds.
  path: Assets/ScriptableObjects
  artifactKey: Guid(1bbf3f67ea6b83c4683a2826d6eef1d7) Importer(815301076,1909f56bfc062723c751e8b465ee728b)
Start importing Assets/ScriptableObjects using Guid(1bbf3f67ea6b83c4683a2826d6eef1d7) Importer(815301076,1909f56bfc062723c751e8b465ee728b)  -> (artifact id: '8dc68e6deb686d1d9fba9bd6379219c3') in 0.007389 seconds
  Import took 0.010162 seconds .

========================================================================
Received Import Request.
  Time since last request: 23.810143 seconds.
  path: Assets/ScriptableObjects/PlayerAbilities.asset
  artifactKey: Guid(4f56bac4497175d49b65a8bc8f81ae51) Importer(815301076,1909f56bfc062723c751e8b465ee728b)
Start importing Assets/ScriptableObjects/PlayerAbilities.asset using Guid(4f56bac4497175d49b65a8bc8f81ae51) Importer(815301076,1909f56bfc062723c751e8b465ee728b)  -> (artifact id: 'c3befe13a0e45f12f7d91924af994bc1') in 0.025838 seconds
  Import took 0.028552 seconds .

========================================================================
Received Prepare
Registering precompiled user dll's ...
Registered in 0.001159 seconds.
Begin MonoManager ReloadAssembly
Native extension for WindowsStandalone target not found
Refreshing native plugins compatible for Editor in 0.34 ms, found 1 plugins.
Preloading 0 native plugins for Editor in 0.00 ms.
Mono: successfully reloaded assembly
- Completed reload, in  0.854 seconds
Platform modules already initialized, skipping
Refreshing native plugins compatible for Editor in 0.37 ms, found 1 plugins.
Preloading 0 native plugins for Editor in 0.00 ms.
Unloading 1813 Unused Serialized files (Serialized files now loaded: 0)
System memory in use before: 89.2 MB.
System memory in use after: 89.2 MB.

Unloading 12 unused Assets to reduce memory usage. Loaded Objects now: 2358.
Total: 1.840100 ms (FindLiveObjects: 0.176500 ms CreateObjectMapping: 0.073600 ms MarkObjects: 1.483000 ms  DeleteObjects: 0.106000 ms)

========================================================================
Received Prepare
Registering precompiled user dll's ...
Registered in 0.001089 seconds.
Begin MonoManager ReloadAssembly
Native extension for WindowsStandalone target not found
Refreshing native plugins compatible for Editor in 0.34 ms, found 1 plugins.
Preloading 0 native plugins for Editor in 0.00 ms.
Mono: successfully reloaded assembly
- Completed reload, in  0.857 seconds
Platform modules already initialized, skipping
Refreshing native plugins compatible for Editor in 0.35 ms, found 1 plugins.
Preloading 0 native plugins for Editor in 0.00 ms.
Unloading 1813 Unused Serialized files (Serialized files now loaded: 0)
System memory in use before: 89.3 MB.
System memory in use after: 89.2 MB.

Unloading 12 unused Assets to reduce memory usage. Loaded Objects now: 2362.
Total: 1.908200 ms (FindLiveObjects: 0.179100 ms CreateObjectMapping: 0.061000 ms MarkObjects: 1.570500 ms  DeleteObjects: 0.096600 ms)

========================================================================
Received Import Request.
  Time since last request: 222.412979 seconds.
  path: Assets/Scripts/Ability.cs
  artifactKey: Guid(f5857d86e511b7c4385dd6e4e15f7bb0) Importer(815301076,1909f56bfc062723c751e8b465ee728b)
Start importing Assets/Scripts/Ability.cs using Guid(f5857d86e511b7c4385dd6e4e15f7bb0) Importer(815301076,1909f56bfc062723c751e8b465ee728b)  -> (artifact id: '53325fd30e9013470c086044c97d0098') in 0.008899 seconds
  Import took 0.011548 seconds .

========================================================================
Received Import Request.
  Time since last request: 13.607511 seconds.
  path: Assets/Scripts/AbilitySO.cs
  artifactKey: Guid(d4054a0a0bfa76040ab3da3bfd5da633) Importer(815301076,1909f56bfc062723c751e8b465ee728b)
Start importing Assets/Scripts/AbilitySO.cs using Guid(d4054a0a0bfa76040ab3da3bfd5da633) Importer(815301076,1909f56bfc062723c751e8b465ee728b)  -> (artifact id: 'ea225145eb1e8390f4a31546f4b8c264') in 0.008223 seconds
  Import took 0.011439 seconds .

========================================================================
Received Prepare
Registering precompiled user dll's ...
Registered in 0.001073 seconds.
Begin MonoManager ReloadAssembly
Native extension for WindowsStandalone target not found
Refreshing native plugins compatible for Editor in 0.34 ms, found 1 plugins.
Preloading 0 native plugins for Editor in 0.00 ms.
Mono: successfully reloaded assembly
- Completed reload, in  0.889 seconds
Platform modules already initialized, skipping
Refreshing native plugins compatible for Editor in 0.34 ms, found 1 plugins.
Preloading 0 native plugins for Editor in 0.00 ms.
Unloading 1814 Unused Serialized files (Serialized files now loaded: 0)
System memory in use before: 89.3 MB.
System memory in use after: 89.3 MB.

Unloading 12 unused Assets to reduce memory usage. Loaded Objects now: 2367.
Total: 2.170100 ms (FindLiveObjects: 0.188600 ms CreateObjectMapping: 0.076300 ms MarkObjects: 1.758100 ms  DeleteObjects: 0.146300 ms)

========================================================================
Received Import Request.
  Time since last request: 26.742604 seconds.
  path: Assets/Scripts/AbilitySO.cs
  artifactKey: Guid(d4054a0a0bfa76040ab3da3bfd5da633) Importer(815301076,1909f56bfc062723c751e8b465ee728b)
Start importing Assets/Scripts/AbilitySO.cs using Guid(d4054a0a0bfa76040ab3da3bfd5da633) Importer(815301076,1909f56bfc062723c751e8b465ee728b)  -> (artifact id: 'a5e8d83c1917e928f4a81f39f820c3a6') in 0.006003 seconds
  Import took 0.009328 seconds .

========================================================================
Received Prepare
Registering precompiled user dll's ...
Registered in 0.001147 seconds.
Begin MonoManager ReloadAssembly
Native extension for WindowsStandalone target not found
Refreshing native plugins compatible for Editor in 0.34 ms, found 1 plugins.
Preloading 0 native plugins for Editor in 0.00 ms.
Mono: successfully reloaded assembly
- Completed reload, in  0.862 seconds
Platform modules already initialized, skipping
Refreshing native plugins compatible for Editor in 0.35 ms, found 1 plugins.
Preloading 0 native plugins for Editor in 0.00 ms.
Unloading 1814 Unused Serialized files (Serialized files now loaded: 0)
System memory in use before: 89.3 MB.
System memory in use after: 89.3 MB.

Unloading 12 unused Assets to reduce memory usage. Loaded Objects now: 2371.
Total: 1.800100 ms (FindLiveObjects: 0.184700 ms CreateObjectMapping: 0.064600 ms MarkObjects: 1.445100 ms  DeleteObjects: 0.104700 ms)

========================================================================
Received Import Request.
  Time since last request: 184.239442 seconds.
  path: Assets/ScriptableObjects/DoubleJump.asset
  artifactKey: Guid(9555cfdef7a5b6c47912747b27115358) Importer(815301076,1909f56bfc062723c751e8b465ee728b)
Start importing Assets/ScriptableObjects/DoubleJump.asset using Guid(9555cfdef7a5b6c47912747b27115358) Importer(815301076,1909f56bfc062723c751e8b465ee728b)  -> (artifact id: '8856e12e5e1a86510f969acbc3c3a625') in 0.019489 seconds
  Import took 0.022706 seconds .

========================================================================
Received Prepare
Registering precompiled user dll's ...
Registered in 0.001047 seconds.
Begin MonoManager ReloadAssembly
Native extension for WindowsStandalone target not found
Refreshing native plugins compatible for Editor in 0.34 ms, found 1 plugins.
Preloading 0 native plugins for Editor in 0.00 ms.
Mono: successfully reloaded assembly
- Completed reload, in  0.852 seconds
Platform modules already initialized, skipping
Refreshing native plugins compatible for Editor in 0.33 ms, found 1 plugins.
Preloading 0 native plugins for Editor in 0.00 ms.
Unloading 1814 Unused Serialized files (Serialized files now loaded: 0)
System memory in use before: 89.3 MB.
System memory in use after: 89.3 MB.

Unloading 12 unused Assets to reduce memory usage. Loaded Objects now: 2375.
Total: 2.025200 ms (FindLiveObjects: 0.172600 ms CreateObjectMapping: 0.054300 ms MarkObjects: 1.702600 ms  DeleteObjects: 0.094700 ms)

========================================================================
Received Import Request.
  Time since last request: 77.693489 seconds.
  path: Assets/ScriptableObjects/Abilities
  artifactKey: Guid(4bca2e9c8200c0f4cb1c2705947d2849) Importer(815301076,1909f56bfc062723c751e8b465ee728b)
Start importing Assets/ScriptableObjects/Abilities using Guid(4bca2e9c8200c0f4cb1c2705947d2849) Importer(815301076,1909f56bfc062723c751e8b465ee728b)  -> (artifact id: '86a29dda3fe149e988c236db517c8b30') in 0.010331 seconds
  Import took 0.013213 seconds .

========================================================================
Received Prepare
Registering precompiled user dll's ...
Registered in 0.001191 seconds.
Begin MonoManager ReloadAssembly
Native extension for WindowsStandalone target not found
Refreshing native plugins compatible for Editor in 0.34 ms, found 1 plugins.
Preloading 0 native plugins for Editor in 0.00 ms.
Mono: successfully reloaded assembly
- Completed reload, in  0.869 seconds
Platform modules already initialized, skipping
Refreshing native plugins compatible for Editor in 0.34 ms, found 1 plugins.
Preloading 0 native plugins for Editor in 0.00 ms.
Unloading 1814 Unused Serialized files (Serialized files now loaded: 0)
System memory in use before: 89.3 MB.
System memory in use after: 89.3 MB.

Unloading 12 unused Assets to reduce memory usage. Loaded Objects now: 2379.
Total: 1.835200 ms (FindLiveObjects: 0.185600 ms CreateObjectMapping: 0.058700 ms MarkObjects: 1.487300 ms  DeleteObjects: 0.102800 ms)

========================================================================
Received Prepare
Registering precompiled user dll's ...
Registered in 0.001029 seconds.
Begin MonoManager ReloadAssembly
Native extension for WindowsStandalone target not found
Refreshing native plugins compatible for Editor in 0.34 ms, found 1 plugins.
Preloading 0 native plugins for Editor in 0.00 ms.
Mono: successfully reloaded assembly
- Completed reload, in  0.847 seconds
Platform modules already initialized, skipping
Refreshing native plugins compatible for Editor in 0.33 ms, found 1 plugins.
Preloading 0 native plugins for Editor in 0.00 ms.
Unloading 1814 Unused Serialized files (Serialized files now loaded: 0)
System memory in use before: 89.3 MB.
System memory in use after: 89.3 MB.

Unloading 12 unused Assets to reduce memory usage. Loaded Objects now: 2383.
Total: 1.855900 ms (FindLiveObjects: 0.187900 ms CreateObjectMapping: 0.063000 ms MarkObjects: 1.502900 ms  DeleteObjects: 0.101000 ms)

========================================================================
Received Prepare
Registering precompiled user dll's ...
Registered in 0.001562 seconds.
Begin MonoManager ReloadAssembly
Native extension for WindowsStandalone target not found
Refreshing native plugins compatible for Editor in 0.34 ms, found 1 plugins.
Preloading 0 native plugins for Editor in 0.00 ms.
Mono: successfully reloaded assembly
- Completed reload, in  0.848 seconds
Platform modules already initialized, skipping
Refreshing native plugins compatible for Editor in 0.53 ms, found 1 plugins.
Preloading 0 native plugins for Editor in 0.00 ms.
Unloading 1814 Unused Serialized files (Serialized files now loaded: 0)
System memory in use before: 89.3 MB.
System memory in use after: 89.3 MB.

Unloading 12 unused Assets to reduce memory usage. Loaded Objects now: 2387.
Total: 2.049500 ms (FindLiveObjects: 0.197800 ms CreateObjectMapping: 0.072800 ms MarkObjects: 1.673500 ms  DeleteObjects: 0.104300 ms)

========================================================================
Received Import Request.
  Time since last request: 1005.842064 seconds.
  path: Assets/Scripts/AbilityManager.cs
  artifactKey: Guid(9d23ea026a688274ebd0e0d7d35e9dc0) Importer(815301076,1909f56bfc062723c751e8b465ee728b)
Start importing Assets/Scripts/AbilityManager.cs using Guid(9d23ea026a688274ebd0e0d7d35e9dc0) Importer(815301076,1909f56bfc062723c751e8b465ee728b)  -> (artifact id: '6a2abe5e167016c81d26507dcd95fe99') in 0.010923 seconds
  Import took 0.014387 seconds .

========================================================================
Received Prepare
Registering precompiled user dll's ...
Registered in 0.001557 seconds.
Begin MonoManager ReloadAssembly
Native extension for WindowsStandalone target not found
Refreshing native plugins compatible for Editor in 0.34 ms, found 1 plugins.
Preloading 0 native plugins for Editor in 0.00 ms.
Mono: successfully reloaded assembly
- Completed reload, in  0.872 seconds
Platform modules already initialized, skipping
Refreshing native plugins compatible for Editor in 0.33 ms, found 1 plugins.
Preloading 0 native plugins for Editor in 0.00 ms.
Unloading 1815 Unused Serialized files (Serialized files now loaded: 0)
System memory in use before: 89.4 MB.
System memory in use after: 89.3 MB.

Unloading 12 unused Assets to reduce memory usage. Loaded Objects now: 2392.
Total: 1.914400 ms (FindLiveObjects: 0.176200 ms CreateObjectMapping: 0.076700 ms MarkObjects: 1.562400 ms  DeleteObjects: 0.098200 ms)

========================================================================
Received Import Request.
  Time since last request: 696.605124 seconds.
  path: Assets/Scripts/AbilityManager.cs
  artifactKey: Guid(9d23ea026a688274ebd0e0d7d35e9dc0) Importer(815301076,1909f56bfc062723c751e8b465ee728b)
Start importing Assets/Scripts/AbilityManager.cs using Guid(9d23ea026a688274ebd0e0d7d35e9dc0) Importer(815301076,1909f56bfc062723c751e8b465ee728b)  -> (artifact id: '0d1c95ae8894ddd5257853ab43694e16') in 0.007097 seconds
  Import took 0.010603 seconds .

========================================================================
Received Prepare
Registering precompiled user dll's ...
Registered in 0.001058 seconds.
Begin MonoManager ReloadAssembly
Native extension for WindowsStandalone target not found
Refreshing native plugins compatible for Editor in 0.34 ms, found 1 plugins.
Preloading 0 native plugins for Editor in 0.00 ms.
Mono: successfully reloaded assembly
- Completed reload, in  0.835 seconds
Platform modules already initialized, skipping
Refreshing native plugins compatible for Editor in 0.35 ms, found 1 plugins.
Preloading 0 native plugins for Editor in 0.00 ms.
Unloading 1815 Unused Serialized files (Serialized files now loaded: 0)
System memory in use before: 89.4 MB.
System memory in use after: 89.3 MB.

Unloading 12 unused Assets to reduce memory usage. Loaded Objects now: 2396.
Total: 1.936600 ms (FindLiveObjects: 0.184400 ms CreateObjectMapping: 0.055900 ms MarkObjects: 1.596900 ms  DeleteObjects: 0.098600 ms)

========================================================================
Received Import Request.
  Time since last request: 49.811316 seconds.
  path: Assets/Scripts/PlayerAbilityTracker.cs
  artifactKey: Guid(d02e6db6bc34bd24bb54aaba0b931abf) Importer(815301076,1909f56bfc062723c751e8b465ee728b)
Start importing Assets/Scripts/PlayerAbilityTracker.cs using Guid(d02e6db6bc34bd24bb54aaba0b931abf) Importer(815301076,1909f56bfc062723c751e8b465ee728b)  -> (artifact id: '990419adbe9183f449898a1643467e96') in 0.010254 seconds
  Import took 0.013111 seconds .

========================================================================
Received Prepare
Registering precompiled user dll's ...
Registered in 0.001118 seconds.
Begin MonoManager ReloadAssembly
Native extension for WindowsStandalone target not found
Refreshing native plugins compatible for Editor in 0.33 ms, found 1 plugins.
Preloading 0 native plugins for Editor in 0.00 ms.
Mono: successfully reloaded assembly
- Completed reload, in  0.845 seconds
Platform modules already initialized, skipping
Refreshing native plugins compatible for Editor in 0.33 ms, found 1 plugins.
Preloading 0 native plugins for Editor in 0.00 ms.
Unloading 1814 Unused Serialized files (Serialized files now loaded: 0)
System memory in use before: 89.3 MB.
System memory in use after: 89.3 MB.

Unloading 13 unused Assets to reduce memory usage. Loaded Objects now: 2399.
Total: 2.009300 ms (FindLiveObjects: 0.181300 ms CreateObjectMapping: 0.056400 ms MarkObjects: 1.667100 ms  DeleteObjects: 0.103600 ms)

========================================================================
Received Import Request.
  Time since last request: 45.320173 seconds.
  path: Assets/Scripts/Startup.cs
  artifactKey: Guid(e1cc1d48b14cebb46bbd39cc2d9c6ac1) Importer(815301076,1909f56bfc062723c751e8b465ee728b)
Start importing Assets/Scripts/Startup.cs using Guid(e1cc1d48b14cebb46bbd39cc2d9c6ac1) Importer(815301076,1909f56bfc062723c751e8b465ee728b)  -> (artifact id: 'faaad67fc6aa1ce0052bbea4347fc7cb') in 0.010512 seconds
  Import took 0.013712 seconds .

========================================================================
Received Prepare
Registering precompiled user dll's ...
Registered in 0.001019 seconds.
Begin MonoManager ReloadAssembly
Native extension for WindowsStandalone target not found
Refreshing native plugins compatible for Editor in 0.35 ms, found 1 plugins.
Preloading 0 native plugins for Editor in 0.00 ms.
Mono: successfully reloaded assembly
- Completed reload, in  0.884 seconds
Platform modules already initialized, skipping
Refreshing native plugins compatible for Editor in 0.37 ms, found 1 plugins.
Preloading 0 native plugins for Editor in 0.00 ms.
Unloading 1815 Unused Serialized files (Serialized files now loaded: 0)
System memory in use before: 89.4 MB.
System memory in use after: 89.3 MB.

Unloading 12 unused Assets to reduce memory usage. Loaded Objects now: 2404.
Total: 2.098900 ms (FindLiveObjects: 0.193700 ms CreateObjectMapping: 0.058800 ms MarkObjects: 1.740300 ms  DeleteObjects: 0.105200 ms)

========================================================================
Received Prepare
Registering precompiled user dll's ...
Registered in 0.001301 seconds.
Begin MonoManager ReloadAssembly
Native extension for WindowsStandalone target not found
Refreshing native plugins compatible for Editor in 0.33 ms, found 1 plugins.
Preloading 0 native plugins for Editor in 0.00 ms.
Mono: successfully reloaded assembly
- Completed reload, in  0.848 seconds
Platform modules already initialized, skipping
Refreshing native plugins compatible for Editor in 0.33 ms, found 1 plugins.
Preloading 0 native plugins for Editor in 0.00 ms.
Unloading 1815 Unused Serialized files (Serialized files now loaded: 0)
System memory in use before: 89.4 MB.
System memory in use after: 89.4 MB.

Unloading 12 unused Assets to reduce memory usage. Loaded Objects now: 2408.
Total: 2.026900 ms (FindLiveObjects: 0.187200 ms CreateObjectMapping: 0.056000 ms MarkObjects: 1.685400 ms  DeleteObjects: 0.097400 ms)

========================================================================
Received Import Request.
  Time since last request: 90.842556 seconds.
  path: Assets/ScriptableObjects/Abilities/DoubleJump 1.asset
  artifactKey: Guid(13df1ccb87ffff94397f084c85215269) Importer(815301076,1909f56bfc062723c751e8b465ee728b)
Start importing Assets/ScriptableObjects/Abilities/DoubleJump 1.asset using Guid(13df1ccb87ffff94397f084c85215269) Importer(815301076,1909f56bfc062723c751e8b465ee728b)  -> (artifact id: '6be493522eb54f1287fcaa52fd3fab93') in 0.020842 seconds
  Import took 0.023831 seconds .

========================================================================
Received Import Request.
  Time since last request: 0.971149 seconds.
  path: Assets/ScriptableObjects/Abilities/DoubleJump 2.asset
  artifactKey: Guid(dbb38532ba98f684b806619dd985777c) Importer(815301076,1909f56bfc062723c751e8b465ee728b)
Start importing Assets/ScriptableObjects/Abilities/DoubleJump 2.asset using Guid(dbb38532ba98f684b806619dd985777c) Importer(815301076,1909f56bfc062723c751e8b465ee728b)  -> (artifact id: '9fd564761b788ca6279ad4c4b4777e9b') in 0.008643 seconds
  Import took 0.011801 seconds .

========================================================================
Received Import Request.
  Time since last request: 0.418700 seconds.
  path: Assets/ScriptableObjects/Abilities/DoubleJump 3.asset
  artifactKey: Guid(e1a374d7d53e9f14ea8c1e01f94161fa) Importer(815301076,1909f56bfc062723c751e8b465ee728b)
Start importing Assets/ScriptableObjects/Abilities/DoubleJump 3.asset using Guid(e1a374d7d53e9f14ea8c1e01f94161fa) Importer(815301076,1909f56bfc062723c751e8b465ee728b)  -> (artifact id: '88769029f62df857fd7072ce5c982aed') in 0.007853 seconds
  Import took 0.010624 seconds .

========================================================================
Received Import Request.
  Time since last request: 0.832913 seconds.
  path: Assets/ScriptableObjects/Abilities/DoubleJump 1.asset
  artifactKey: Guid(13df1ccb87ffff94397f084c85215269) Importer(815301076,1909f56bfc062723c751e8b465ee728b)
Start importing Assets/ScriptableObjects/Abilities/DoubleJump 1.asset using Guid(13df1ccb87ffff94397f084c85215269) Importer(815301076,1909f56bfc062723c751e8b465ee728b)  -> (artifact id: '275f2f6005c7176df41c2e53696bad5f') in 0.002834 seconds
  Import took 0.005569 seconds .

========================================================================
Received Import Request.
  Time since last request: 3.498607 seconds.
  path: Assets/ScriptableObjects/Abilities/Dash.asset
  artifactKey: Guid(13df1ccb87ffff94397f084c85215269) Importer(815301076,1909f56bfc062723c751e8b465ee728b)
Start importing Assets/ScriptableObjects/Abilities/Dash.asset using Guid(13df1ccb87ffff94397f084c85215269) Importer(815301076,1909f56bfc062723c751e8b465ee728b)  -> (artifact id: '15be7ef5dc29278e7bca1de9e800ce56') in 0.007709 seconds
  Import took 0.010458 seconds .

========================================================================
Received Import Request.
  Time since last request: 1.329252 seconds.
  path: Assets/ScriptableObjects/Abilities/DoubleJump 2.asset
  artifactKey: Guid(dbb38532ba98f684b806619dd985777c) Importer(815301076,1909f56bfc062723c751e8b465ee728b)
Start importing Assets/ScriptableObjects/Abilities/DoubleJump 2.asset using Guid(dbb38532ba98f684b806619dd985777c) Importer(815301076,1909f56bfc062723c751e8b465ee728b)  -> (artifact id: 'b0fb09e99d07e93509a92e873b0d52ad') in 0.002763 seconds
  Import took 0.005460 seconds .

========================================================================
Received Import Request.
  Time since last request: 7.524717 seconds.
  path: Assets/ScriptableObjects/Abilities/DropBomb.asset
  artifactKey: Guid(dbb38532ba98f684b806619dd985777c) Importer(815301076,1909f56bfc062723c751e8b465ee728b)
Start importing Assets/ScriptableObjects/Abilities/DropBomb.asset using Guid(dbb38532ba98f684b806619dd985777c) Importer(815301076,1909f56bfc062723c751e8b465ee728b)  -> (artifact id: 'fd02f07275bddadd371deb8a9f25dd55') in 0.007641 seconds
  Import took 0.010573 seconds .

========================================================================
Received Import Request.
  Time since last request: 9.539980 seconds.
  path: Assets/ScriptableObjects/Abilities/BecomeBall.asset
  artifactKey: Guid(e1a374d7d53e9f14ea8c1e01f94161fa) Importer(815301076,1909f56bfc062723c751e8b465ee728b)
Start importing Assets/ScriptableObjects/Abilities/BecomeBall.asset using Guid(e1a374d7d53e9f14ea8c1e01f94161fa) Importer(815301076,1909f56bfc062723c751e8b465ee728b)  -> (artifact id: 'fe5a2b5590fcd4036f3df8eee62e42bb') in 0.007878 seconds
  Import took 0.010688 seconds .

========================================================================
Received Import Request.
  Time since last request: 77.020415 seconds.
  path: Assets/ScriptableObjects/Abilities/DropBomb.asset
  artifactKey: Guid(dbb38532ba98f684b806619dd985777c) Importer(815301076,1909f56bfc062723c751e8b465ee728b)
Start importing Assets/ScriptableObjects/Abilities/DropBomb.asset using Guid(dbb38532ba98f684b806619dd985777c) Importer(815301076,1909f56bfc062723c751e8b465ee728b)  -> (artifact id: '184968448eabba6c5b4a7bba917b2bc4') in 0.003044 seconds
  Import took 0.005984 seconds .

========================================================================
Received Import Request.
  Time since last request: 0.827427 seconds.
  path: Assets/ScriptableObjects/Abilities/DoubleJump.asset
  artifactKey: Guid(9555cfdef7a5b6c47912747b27115358) Importer(815301076,1909f56bfc062723c751e8b465ee728b)
Start importing Assets/ScriptableObjects/Abilities/DoubleJump.asset using Guid(9555cfdef7a5b6c47912747b27115358) Importer(815301076,1909f56bfc062723c751e8b465ee728b)  -> (artifact id: 'd6901c17ded25552fd2818825239e87e') in 0.007860 seconds
  Import took 0.011105 seconds .

========================================================================
Received Import Request.
  Time since last request: 0.458591 seconds.
  path: Assets/ScriptableObjects/Abilities/Dash.asset
  artifactKey: Guid(13df1ccb87ffff94397f084c85215269) Importer(815301076,1909f56bfc062723c751e8b465ee728b)
Start importing Assets/ScriptableObjects/Abilities/Dash.asset using Guid(13df1ccb87ffff94397f084c85215269) Importer(815301076,1909f56bfc062723c751e8b465ee728b)  -> (artifact id: '9fe36238f4fdb403fce5f20a44489b17') in 0.003175 seconds
  Import took 0.006476 seconds .

========================================================================
Received Import Request.
  Time since last request: 1.060089 seconds.
  path: Assets/ScriptableObjects/Abilities/BecomeBall.asset
  artifactKey: Guid(e1a374d7d53e9f14ea8c1e01f94161fa) Importer(815301076,1909f56bfc062723c751e8b465ee728b)
Start importing Assets/ScriptableObjects/Abilities/BecomeBall.asset using Guid(e1a374d7d53e9f14ea8c1e01f94161fa) Importer(815301076,1909f56bfc062723c751e8b465ee728b)  -> (artifact id: '03039fa5fdbe56ea905df7298555c081') in 0.002798 seconds
  Import took 0.005457 seconds .

========================================================================
Received Prepare
Registering precompiled user dll's ...
Registered in 0.001178 seconds.
Begin MonoManager ReloadAssembly
Native extension for WindowsStandalone target not found
Refreshing native plugins compatible for Editor in 0.33 ms, found 1 plugins.
Preloading 0 native plugins for Editor in 0.00 ms.
Mono: successfully reloaded assembly
- Completed reload, in  0.886 seconds
Platform modules already initialized, skipping
Refreshing native plugins compatible for Editor in 0.37 ms, found 1 plugins.
Preloading 0 native plugins for Editor in 0.00 ms.
Unloading 1815 Unused Serialized files (Serialized files now loaded: 0)
System memory in use before: 89.4 MB.
System memory in use after: 89.4 MB.

Unloading 12 unused Assets to reduce memory usage. Loaded Objects now: 2412.
Total: 2.003200 ms (FindLiveObjects: 0.239700 ms CreateObjectMapping: 0.092200 ms MarkObjects: 1.568800 ms  DeleteObjects: 0.101300 ms)

========================================================================
Received Import Request.
  Time since last request: 259.309118 seconds.
  path: Assets/Scripts/SO
  artifactKey: Guid(e966fdb562bac8744b18ef7835f397e4) Importer(815301076,1909f56bfc062723c751e8b465ee728b)
Start importing Assets/Scripts/SO using Guid(e966fdb562bac8744b18ef7835f397e4) Importer(815301076,1909f56bfc062723c751e8b465ee728b)  -> (artifact id: '0b69955460a6213a52227f83fc57d9d4') in 0.010136 seconds
  Import took 0.013275 seconds .

========================================================================
Received Import Request.
  Time since last request: 2.260292 seconds.
  path: Assets/Scripts/AbilitiesListSO.cs
  artifactKey: Guid(db371aac04442b94dba7d450bf507d39) Importer(815301076,1909f56bfc062723c751e8b465ee728b)
Start importing Assets/Scripts/AbilitiesListSO.cs using Guid(db371aac04442b94dba7d450bf507d39) Importer(815301076,1909f56bfc062723c751e8b465ee728b)  -> (artifact id: '3df0d869523593b0fb72828d5a56c3bc') in 0.002777 seconds
  Import took 0.005897 seconds .

========================================================================
Received Import Request.
  Time since last request: 0.002497 seconds.
  path: Assets/Scripts/AbilitiesListSO.cs
  artifactKey: Guid(db371aac04442b94dba7d450bf507d39) Importer(815301076,1909f56bfc062723c751e8b465ee728b)
Start importing Assets/Scripts/AbilitiesListSO.cs using Guid(db371aac04442b94dba7d450bf507d39) Importer(815301076,1909f56bfc062723c751e8b465ee728b)  -> (artifact id: '3df0d869523593b0fb72828d5a56c3bc') in 0.002330 seconds
  Import took 0.004915 seconds .

========================================================================
Received Prepare
Registering precompiled user dll's ...
Registered in 0.001557 seconds.
Begin MonoManager ReloadAssembly
Native extension for WindowsStandalone target not found
Refreshing native plugins compatible for Editor in 0.33 ms, found 1 plugins.
Preloading 0 native plugins for Editor in 0.00 ms.
Mono: successfully reloaded assembly
- Completed reload, in  0.865 seconds
Platform modules already initialized, skipping
Refreshing native plugins compatible for Editor in 0.33 ms, found 1 plugins.
Preloading 0 native plugins for Editor in 0.00 ms.
Unloading 1815 Unused Serialized files (Serialized files now loaded: 0)
System memory in use before: 89.4 MB.
System memory in use after: 89.4 MB.

Unloading 12 unused Assets to reduce memory usage. Loaded Objects now: 2416.
Total: 1.974500 ms (FindLiveObjects: 0.180500 ms CreateObjectMapping: 0.057700 ms MarkObjects: 1.636700 ms  DeleteObjects: 0.098700 ms)

========================================================================
Received Import Request.
  Time since last request: 26.979669 seconds.
  path: Assets/Scripts/Domain
  artifactKey: Guid(84ef6af3657c18b49837f9d867ae185d) Importer(815301076,1909f56bfc062723c751e8b465ee728b)
Start importing Assets/Scripts/Domain using Guid(84ef6af3657c18b49837f9d867ae185d) Importer(815301076,1909f56bfc062723c751e8b465ee728b)  -> (artifact id: 'a0c8c84aa671f185f5eea4805818b181') in 0.011741 seconds
  Import took 0.014877 seconds .

========================================================================
Received Import Request.
  Time since last request: 6.410269 seconds.
  path: Assets/Scripts/Domain/Entities
  artifactKey: Guid(88a1f53b20eeac0438a36104a683f067) Importer(815301076,1909f56bfc062723c751e8b465ee728b)
Start importing Assets/Scripts/Domain/Entities using Guid(88a1f53b20eeac0438a36104a683f067) Importer(815301076,1909f56bfc062723c751e8b465ee728b)  -> (artifact id: '5e54a648d1009029faa9d39b26a503b3') in 0.011884 seconds
  Import took 0.015867 seconds .

========================================================================
Received Import Request.
  Time since last request: 6.432419 seconds.
  path: Assets/Scripts/Domain/Interfaces
  artifactKey: Guid(46e12a6e89337544fa6e3b09acca33db) Importer(815301076,1909f56bfc062723c751e8b465ee728b)
Start importing Assets/Scripts/Domain/Interfaces using Guid(46e12a6e89337544fa6e3b09acca33db) Importer(815301076,1909f56bfc062723c751e8b465ee728b)  -> (artifact id: 'e0e57ee3c6dd4ed107acc123f8103462') in 0.007792 seconds
  Import took 0.010690 seconds .

========================================================================
Received Prepare
Registering precompiled user dll's ...
Registered in 0.001093 seconds.
Begin MonoManager ReloadAssembly
Native extension for WindowsStandalone target not found
Refreshing native plugins compatible for Editor in 0.33 ms, found 1 plugins.
Preloading 0 native plugins for Editor in 0.00 ms.
Mono: successfully reloaded assembly
- Completed reload, in  0.867 seconds
Platform modules already initialized, skipping
Refreshing native plugins compatible for Editor in 0.34 ms, found 1 plugins.
Preloading 0 native plugins for Editor in 0.00 ms.
Unloading 1815 Unused Serialized files (Serialized files now loaded: 0)
System memory in use before: 89.4 MB.
System memory in use after: 89.4 MB.

Unloading 12 unused Assets to reduce memory usage. Loaded Objects now: 2420.
Total: 2.015000 ms (FindLiveObjects: 0.170100 ms CreateObjectMapping: 0.059200 ms MarkObjects: 1.678700 ms  DeleteObjects: 0.106100 ms)

========================================================================
Received Import Request.
  Time since last request: 15.065008 seconds.
  path: Assets/Scripts/Core
  artifactKey: Guid(74972f0b958aa0847a8c57efb848d199) Importer(815301076,1909f56bfc062723c751e8b465ee728b)
Start importing Assets/Scripts/Core using Guid(74972f0b958aa0847a8c57efb848d199) Importer(815301076,1909f56bfc062723c751e8b465ee728b)  -> (artifact id: 'd1cf076a9daf2ffb3b5899167fef88b8') in 0.010683 seconds
  Import took 0.013642 seconds .

========================================================================
Received Import Request.
  Time since last request: 14.875728 seconds.
  path: Assets/Scripts/1 - Core
  artifactKey: Guid(74972f0b958aa0847a8c57efb848d199) Importer(815301076,1909f56bfc062723c751e8b465ee728b)
Start importing Assets/Scripts/1 - Core using Guid(74972f0b958aa0847a8c57efb848d199) Importer(815301076,1909f56bfc062723c751e8b465ee728b)  -> (artifact id: '503d5aeb4860c03a9877de44fc0266ea') in 0.007518 seconds
  Import took 0.010235 seconds .

========================================================================
Received Prepare
Registering precompiled user dll's ...
Registered in 0.001100 seconds.
Begin MonoManager ReloadAssembly
Native extension for WindowsStandalone target not found
Refreshing native plugins compatible for Editor in 0.33 ms, found 1 plugins.
Preloading 0 native plugins for Editor in 0.00 ms.
Mono: successfully reloaded assembly
- Completed reload, in  0.861 seconds
Platform modules already initialized, skipping
Refreshing native plugins compatible for Editor in 0.33 ms, found 1 plugins.
Preloading 0 native plugins for Editor in 0.00 ms.
Unloading 1815 Unused Serialized files (Serialized files now loaded: 0)
System memory in use before: 89.4 MB.
System memory in use after: 89.4 MB.

Unloading 12 unused Assets to reduce memory usage. Loaded Objects now: 2424.
Total: 2.050000 ms (FindLiveObjects: 0.177000 ms CreateObjectMapping: 0.066800 ms MarkObjects: 1.697000 ms  DeleteObjects: 0.108200 ms)

========================================================================
Received Prepare
Registering precompiled user dll's ...
Registered in 0.001189 seconds.
Begin MonoManager ReloadAssembly
Native extension for WindowsStandalone target not found
Refreshing native plugins compatible for Editor in 0.36 ms, found 1 plugins.
Preloading 0 native plugins for Editor in 0.00 ms.
Mono: successfully reloaded assembly
- Completed reload, in  0.866 seconds
Platform modules already initialized, skipping
Refreshing native plugins compatible for Editor in 0.34 ms, found 1 plugins.
Preloading 0 native plugins for Editor in 0.00 ms.
Unloading 1815 Unused Serialized files (Serialized files now loaded: 0)
System memory in use before: 89.4 MB.
System memory in use after: 89.4 MB.

Unloading 12 unused Assets to reduce memory usage. Loaded Objects now: 2428.
Total: 2.025100 ms (FindLiveObjects: 0.187000 ms CreateObjectMapping: 0.067500 ms MarkObjects: 1.663100 ms  DeleteObjects: 0.106600 ms)

========================================================================
Received Prepare
Registering precompiled user dll's ...
Registered in 0.001582 seconds.
Begin MonoManager ReloadAssembly
Native extension for WindowsStandalone target not found
Refreshing native plugins compatible for Editor in 0.34 ms, found 1 plugins.
Preloading 0 native plugins for Editor in 0.00 ms.
Mono: successfully reloaded assembly
- Completed reload, in  0.869 seconds
Platform modules already initialized, skipping
Refreshing native plugins compatible for Editor in 0.33 ms, found 1 plugins.
Preloading 0 native plugins for Editor in 0.00 ms.
Unloading 1815 Unused Serialized files (Serialized files now loaded: 0)
System memory in use before: 89.4 MB.
System memory in use after: 89.4 MB.

Unloading 12 unused Assets to reduce memory usage. Loaded Objects now: 2432.
Total: 1.841100 ms (FindLiveObjects: 0.193600 ms CreateObjectMapping: 0.057900 ms MarkObjects: 1.490100 ms  DeleteObjects: 0.098300 ms)

========================================================================
Received Prepare
Registering precompiled user dll's ...
Registered in 0.001599 seconds.
Begin MonoManager ReloadAssembly
Native extension for WindowsStandalone target not found
Refreshing native plugins compatible for Editor in 0.35 ms, found 1 plugins.
Preloading 0 native plugins for Editor in 0.00 ms.
Mono: successfully reloaded assembly
- Completed reload, in  0.852 seconds
Platform modules already initialized, skipping
Refreshing native plugins compatible for Editor in 0.33 ms, found 1 plugins.
Preloading 0 native plugins for Editor in 0.00 ms.
Unloading 1815 Unused Serialized files (Serialized files now loaded: 0)
System memory in use before: 89.4 MB.
System memory in use after: 89.4 MB.

Unloading 12 unused Assets to reduce memory usage. Loaded Objects now: 2436.
Total: 2.278000 ms (FindLiveObjects: 0.223200 ms CreateObjectMapping: 0.090700 ms MarkObjects: 1.853400 ms  DeleteObjects: 0.109500 ms)

========================================================================
Received Import Request.
  Time since last request: 431.058718 seconds.
  path: Assets/Prefabs/AbilitiyPickUp.prefab
  artifactKey: Guid(254c92e3d684ef945b36387f6744317f) Importer(815301076,1909f56bfc062723c751e8b465ee728b)
Start importing Assets/Prefabs/AbilitiyPickUp.prefab using Guid(254c92e3d684ef945b36387f6744317f) Importer(815301076,1909f56bfc062723c751e8b465ee728b)  -> (artifact id: '9c3af3dce786f34fe12bb22837e91a36') in 0.066217 seconds
  Import took 0.069256 seconds .

========================================================================
Received Prepare
Registering precompiled user dll's ...
Registered in 0.001125 seconds.
Begin MonoManager ReloadAssembly
Native extension for WindowsStandalone target not found
Refreshing native plugins compatible for Editor in 0.36 ms, found 1 plugins.
Preloading 0 native plugins for Editor in 0.00 ms.
Mono: successfully reloaded assembly
- Completed reload, in  0.955 seconds
Platform modules already initialized, skipping
Refreshing native plugins compatible for Editor in 0.34 ms, found 1 plugins.
Preloading 0 native plugins for Editor in 0.00 ms.
Unloading 1815 Unused Serialized files (Serialized files now loaded: 0)
System memory in use before: 89.5 MB.
System memory in use after: 89.4 MB.

Unloading 12 unused Assets to reduce memory usage. Loaded Objects now: 2441.
Total: 1.992000 ms (FindLiveObjects: 0.195000 ms CreateObjectMapping: 0.085200 ms MarkObjects: 1.586700 ms  DeleteObjects: 0.123800 ms)

========================================================================
Received Import Request.
  Time since last request: 47.074532 seconds.
  path: Assets/Prefabs/AbilitiyPickUp.prefab
  artifactKey: Guid(254c92e3d684ef945b36387f6744317f) Importer(815301076,1909f56bfc062723c751e8b465ee728b)
Start importing Assets/Prefabs/AbilitiyPickUp.prefab using Guid(254c92e3d684ef945b36387f6744317f) Importer(815301076,1909f56bfc062723c751e8b465ee728b)  -> (artifact id: 'fd4e0d80b582cf01f3a6655290cda81a') in 0.056404 seconds
  Import took 0.059335 seconds .

========================================================================
Received Prepare
Registering precompiled user dll's ...
Registered in 0.001056 seconds.
Begin MonoManager ReloadAssembly
Native extension for WindowsStandalone target not found
Refreshing native plugins compatible for Editor in 0.34 ms, found 1 plugins.
Preloading 0 native plugins for Editor in 0.00 ms.
Mono: successfully reloaded assembly
- Completed reload, in  0.831 seconds
Platform modules already initialized, skipping
Refreshing native plugins compatible for Editor in 0.33 ms, found 1 plugins.
Preloading 0 native plugins for Editor in 0.00 ms.
Unloading 1815 Unused Serialized files (Serialized files now loaded: 0)
System memory in use before: 89.5 MB.
System memory in use after: 89.5 MB.

Unloading 12 unused Assets to reduce memory usage. Loaded Objects now: 2446.
Total: 1.964200 ms (FindLiveObjects: 0.194900 ms CreateObjectMapping: 0.062100 ms MarkObjects: 1.613200 ms  DeleteObjects: 0.093300 ms)

========================================================================
Received Import Request.
  Time since last request: 87.071578 seconds.
  path: ProjectSettings/TagManager.asset
  artifactKey: Guid(00000000000000003000000000000000) Importer(815301076,1909f56bfc062723c751e8b465ee728b)
Start importing ProjectSettings/TagManager.asset using Guid(00000000000000003000000000000000) Importer(815301076,1909f56bfc062723c751e8b465ee728b)  -> (artifact id: '3b397d8489d5546087b078288391154d') in 0.018363 seconds
  Import took 0.021918 seconds .

========================================================================
Received Import Request.
  Time since last request: 19.615550 seconds.
  path: Assets/Prefabs/AbilitiyPickUp.prefab
  artifactKey: Guid(254c92e3d684ef945b36387f6744317f) Importer(815301076,1909f56bfc062723c751e8b465ee728b)
Start importing Assets/Prefabs/AbilitiyPickUp.prefab using Guid(254c92e3d684ef945b36387f6744317f) Importer(815301076,1909f56bfc062723c751e8b465ee728b)  -> (artifact id: 'e64258e2a3adc4c64169f164054e76b1') in 0.049027 seconds
  Import took 0.052384 seconds .

========================================================================
Received Import Request.
  Time since last request: 0.000559 seconds.
  path: Assets/Prefabs/AbilitiyPickUp.prefab
  artifactKey: Guid(254c92e3d684ef945b36387f6744317f) Importer(815301076,1909f56bfc062723c751e8b465ee728b)
Start importing Assets/Prefabs/AbilitiyPickUp.prefab using Guid(254c92e3d684ef945b36387f6744317f) Importer(815301076,1909f56bfc062723c751e8b465ee728b)  -> (artifact id: 'e64258e2a3adc4c64169f164054e76b1') in 0.011814 seconds
  Import took 0.014645 seconds .

========================================================================
Received Prepare
Registering precompiled user dll's ...
Registered in 0.001368 seconds.
Begin MonoManager ReloadAssembly
Native extension for WindowsStandalone target not found
Refreshing native plugins compatible for Editor in 0.34 ms, found 1 plugins.
Preloading 0 native plugins for Editor in 0.00 ms.
Mono: successfully reloaded assembly
- Completed reload, in  0.867 seconds
Platform modules already initialized, skipping
Refreshing native plugins compatible for Editor in 0.36 ms, found 1 plugins.
Preloading 0 native plugins for Editor in 0.00 ms.
Unloading 1815 Unused Serialized files (Serialized files now loaded: 0)
System memory in use before: 89.5 MB.
System memory in use after: 89.5 MB.

Unloading 13 unused Assets to reduce memory usage. Loaded Objects now: 2451.
Total: 2.242900 ms (FindLiveObjects: 0.243400 ms CreateObjectMapping: 0.107900 ms MarkObjects: 1.781300 ms  DeleteObjects: 0.109200 ms)

========================================================================
Received Import Request.
  Time since last request: 369.682889 seconds.
  path: Assets/Prefabs/AbilityPickUpEffect.prefab
  artifactKey: Guid(ba27f40cb011b104d9777d0c62bd383e) Importer(815301076,1909f56bfc062723c751e8b465ee728b)
Start importing Assets/Prefabs/AbilityPickUpEffect.prefab using Guid(ba27f40cb011b104d9777d0c62bd383e) Importer(815301076,1909f56bfc062723c751e8b465ee728b)  -> (artifact id: '6c3a84b84f2f31108f7d40e7bf4eff4a') in 0.033554 seconds
  Import took 0.037009 seconds .

========================================================================
Received Import Request.
  Time since last request: 0.000983 seconds.
  path: Assets/Prefabs/AbilityPickUpEffect.prefab
  artifactKey: Guid(ba27f40cb011b104d9777d0c62bd383e) Importer(815301076,1909f56bfc062723c751e8b465ee728b)
Start importing Assets/Prefabs/AbilityPickUpEffect.prefab using Guid(ba27f40cb011b104d9777d0c62bd383e) Importer(815301076,1909f56bfc062723c751e8b465ee728b)  -> (artifact id: '6c3a84b84f2f31108f7d40e7bf4eff4a') in 0.004306 seconds
  Import took 0.007460 seconds .

========================================================================
Received Prepare
Registering precompiled user dll's ...
Registered in 0.001013 seconds.
Begin MonoManager ReloadAssembly
Native extension for WindowsStandalone target not found
Refreshing native plugins compatible for Editor in 0.39 ms, found 1 plugins.
Preloading 0 native plugins for Editor in 0.00 ms.
Mono: successfully reloaded assembly
- Completed reload, in  0.878 seconds
Platform modules already initialized, skipping
Refreshing native plugins compatible for Editor in 0.34 ms, found 1 plugins.
Preloading 0 native plugins for Editor in 0.00 ms.
Unloading 1815 Unused Serialized files (Serialized files now loaded: 0)
System memory in use before: 89.5 MB.
System memory in use after: 89.5 MB.

Unloading 12 unused Assets to reduce memory usage. Loaded Objects now: 2455.
Total: 1.835000 ms (FindLiveObjects: 0.181500 ms CreateObjectMapping: 0.064400 ms MarkObjects: 1.487000 ms  DeleteObjects: 0.101100 ms)

========================================================================
Received Import Request.
  Time since last request: 47.555162 seconds.
  path: Assets/Prefabs/AbilitiyPickUp.prefab
  artifactKey: Guid(254c92e3d684ef945b36387f6744317f) Importer(815301076,1909f56bfc062723c751e8b465ee728b)
Start importing Assets/Prefabs/AbilitiyPickUp.prefab using Guid(254c92e3d684ef945b36387f6744317f) Importer(815301076,1909f56bfc062723c751e8b465ee728b)  -> (artifact id: '3c07b5776326058373fa5140fa572f3d') in 0.056218 seconds
  Import took 0.059202 seconds .

========================================================================
Received Import Request.
  Time since last request: 0.022641 seconds.
  path: Assets/Prefabs/AbilitiyPickUp.prefab
  artifactKey: Guid(254c92e3d684ef945b36387f6744317f) Importer(815301076,1909f56bfc062723c751e8b465ee728b)
Start importing Assets/Prefabs/AbilitiyPickUp.prefab using Guid(254c92e3d684ef945b36387f6744317f) Importer(815301076,1909f56bfc062723c751e8b465ee728b)  -> (artifact id: '3c07b5776326058373fa5140fa572f3d') in 0.011612 seconds
  Import took 0.014777 seconds .

========================================================================
Received Import Request.
  Time since last request: 3.223429 seconds.
  path: Assets/Prefabs/AbilitiyPickUp.prefab
  artifactKey: Guid(254c92e3d684ef945b36387f6744317f) Importer(815301076,1909f56bfc062723c751e8b465ee728b)
Start importing Assets/Prefabs/AbilitiyPickUp.prefab using Guid(254c92e3d684ef945b36387f6744317f) Importer(815301076,1909f56bfc062723c751e8b465ee728b)  -> (artifact id: 'd9d2eecae91f5b877e11639e00084656') in 0.015763 seconds
  Import took 0.018939 seconds .

========================================================================
Received Prepare
Registering precompiled user dll's ...
Registered in 0.001136 seconds.
Begin MonoManager ReloadAssembly
Native extension for WindowsStandalone target not found
Refreshing native plugins compatible for Editor in 0.36 ms, found 1 plugins.
Preloading 0 native plugins for Editor in 0.00 ms.
Mono: successfully reloaded assembly
- Completed reload, in  0.868 seconds
Platform modules already initialized, skipping
Refreshing native plugins compatible for Editor in 0.35 ms, found 1 plugins.
Preloading 0 native plugins for Editor in 0.00 ms.
Unloading 1815 Unused Serialized files (Serialized files now loaded: 0)
System memory in use before: 89.5 MB.
System memory in use after: 89.5 MB.

Unloading 12 unused Assets to reduce memory usage. Loaded Objects now: 2460.
Total: 2.129600 ms (FindLiveObjects: 0.186300 ms CreateObjectMapping: 0.074600 ms MarkObjects: 1.759000 ms  DeleteObjects: 0.108200 ms)

========================================================================
Received Import Request.
  Time since last request: 399.767460 seconds.
  path: Assets/_Udemy Metroidvania Assets/Font/Pixelnauts SDF.asset
  artifactKey: Guid(e0893098dc54e054c8d05d6a6df7094b) Importer(815301076,1909f56bfc062723c751e8b465ee728b)
Start importing Assets/_Udemy Metroidvania Assets/Font/Pixelnauts SDF.asset using Guid(e0893098dc54e054c8d05d6a6df7094b) Importer(815301076,1909f56bfc062723c751e8b465ee728b) Shader 'TextMeshPro/Distance Field': fallback shader 'TextMeshPro/Mobile/Distance Field' not found
 -> (artifact id: '1934414e29d2ae88f2285459aa694e81') in 0.095603 seconds
  Import took 0.099334 seconds .

========================================================================
Received Import Request.
  Time since last request: 1.465300 seconds.
  path: Assets/_Udemy Metroidvania Assets/Font/Pixelnauts SDF 1.asset
  artifactKey: Guid(66567fe2154a79348a8ed0bfef96dc64) Importer(815301076,1909f56bfc062723c751e8b465ee728b)
Start importing Assets/_Udemy Metroidvania Assets/Font/Pixelnauts SDF 1.asset using Guid(66567fe2154a79348a8ed0bfef96dc64) Importer(815301076,1909f56bfc062723c751e8b465ee728b) Shader 'TextMeshPro/Distance Field': fallback shader 'TextMeshPro/Mobile/Distance Field' not found
 -> (artifact id: '930c239b3f37c9bfede6e220a57874c2') in 0.016431 seconds
  Import took 0.019536 seconds .

========================================================================
Received Import Request.
  Time since last request: 6.203030 seconds.
  path: Assets/_Udemy Metroidvania Assets/Font/Pixelnauts SDF - Outline.asset
  artifactKey: Guid(66567fe2154a79348a8ed0bfef96dc64) Importer(815301076,1909f56bfc062723c751e8b465ee728b)
Start importing Assets/_Udemy Metroidvania Assets/Font/Pixelnauts SDF - Outline.asset using Guid(66567fe2154a79348a8ed0bfef96dc64) Importer(815301076,1909f56bfc062723c751e8b465ee728b) Shader 'TextMeshPro/Distance Field': fallback shader 'TextMeshPro/Mobile/Distance Field' not found
 -> (artifact id: '07a95e37829acea89c5c8ebdd2710696') in 0.016977 seconds
  Import took 0.019933 seconds .

========================================================================
Received Prepare
Registering precompiled user dll's ...
Registered in 0.001162 seconds.
Begin MonoManager ReloadAssembly
Native extension for WindowsStandalone target not found
Refreshing native plugins compatible for Editor in 0.34 ms, found 1 plugins.
Preloading 0 native plugins for Editor in 0.00 ms.
Mono: successfully reloaded assembly
- Completed reload, in  0.859 seconds
Platform modules already initialized, skipping
Refreshing native plugins compatible for Editor in 0.34 ms, found 1 plugins.
Preloading 0 native plugins for Editor in 0.00 ms.
Unloading 1828 Unused Serialized files (Serialized files now loaded: 0)
System memory in use before: 91.8 MB.
System memory in use after: 91.2 MB.

Unloading 23 unused Assets to reduce memory usage. Loaded Objects now: 2503.
Total: 2.288200 ms (FindLiveObjects: 0.199400 ms CreateObjectMapping: 0.058200 ms MarkObjects: 1.726100 ms  DeleteObjects: 0.303200 ms)

========================================================================
Received Prepare
Registering precompiled user dll's ...
Registered in 0.001069 seconds.
Begin MonoManager ReloadAssembly
Native extension for WindowsStandalone target not found
Refreshing native plugins compatible for Editor in 0.37 ms, found 1 plugins.
Preloading 0 native plugins for Editor in 0.00 ms.
Mono: successfully reloaded assembly
- Completed reload, in  0.930 seconds
Platform modules already initialized, skipping
Refreshing native plugins compatible for Editor in 0.36 ms, found 1 plugins.
Preloading 0 native plugins for Editor in 0.00 ms.
Unloading 1826 Unused Serialized files (Serialized files now loaded: 0)
System memory in use before: 91.6 MB.
System memory in use after: 91.0 MB.

Unloading 23 unused Assets to reduce memory usage. Loaded Objects now: 2507.
Total: 2.308700 ms (FindLiveObjects: 0.254100 ms CreateObjectMapping: 0.073000 ms MarkObjects: 1.664900 ms  DeleteObjects: 0.315600 ms)

========================================================================
Received Prepare
Registering precompiled user dll's ...
Registered in 0.001097 seconds.
Begin MonoManager ReloadAssembly
Native extension for WindowsStandalone target not found
Refreshing native plugins compatible for Editor in 0.34 ms, found 1 plugins.
Preloading 0 native plugins for Editor in 0.00 ms.
Mono: successfully reloaded assembly
- Completed reload, in  0.853 seconds
Platform modules already initialized, skipping
Refreshing native plugins compatible for Editor in 0.38 ms, found 1 plugins.
Preloading 0 native plugins for Editor in 0.00 ms.
Unloading 1826 Unused Serialized files (Serialized files now loaded: 0)
System memory in use before: 91.6 MB.
System memory in use after: 91.0 MB.

Unloading 23 unused Assets to reduce memory usage. Loaded Objects now: 2511.
Total: 2.253300 ms (FindLiveObjects: 0.206300 ms CreateObjectMapping: 0.066800 ms MarkObjects: 1.654000 ms  DeleteObjects: 0.324800 ms)

========================================================================
Received Prepare
Registering precompiled user dll's ...
Registered in 0.001088 seconds.
Begin MonoManager ReloadAssembly
Native extension for WindowsStandalone target not found
Refreshing native plugins compatible for Editor in 0.35 ms, found 1 plugins.
Preloading 0 native plugins for Editor in 0.00 ms.
Mono: successfully reloaded assembly
- Completed reload, in  0.849 seconds
Platform modules already initialized, skipping
Refreshing native plugins compatible for Editor in 0.33 ms, found 1 plugins.
Preloading 0 native plugins for Editor in 0.00 ms.
Unloading 1826 Unused Serialized files (Serialized files now loaded: 0)
System memory in use before: 91.6 MB.
System memory in use after: 91.0 MB.

Unloading 23 unused Assets to reduce memory usage. Loaded Objects now: 2515.
Total: 2.239300 ms (FindLiveObjects: 0.200800 ms CreateObjectMapping: 0.066800 ms MarkObjects: 1.648000 ms  DeleteObjects: 0.322800 ms)

========================================================================
Received Import Request.
  Time since last request: 662.384163 seconds.
  path: Assets/Prefabs/AbilitiyPickUp.prefab
  artifactKey: Guid(254c92e3d684ef945b36387f6744317f) Importer(815301076,1909f56bfc062723c751e8b465ee728b)
Start importing Assets/Prefabs/AbilitiyPickUp.prefab using Guid(254c92e3d684ef945b36387f6744317f) Importer(815301076,1909f56bfc062723c751e8b465ee728b)  -> (artifact id: '56f1da93dec739e3a34f152260031f89') in 0.105868 seconds
  Import took 0.109148 seconds .

========================================================================
Received Import Request.
  Time since last request: 0.006944 seconds.
  path: Assets/Prefabs/AbilitiyPickUp.prefab
  artifactKey: Guid(254c92e3d684ef945b36387f6744317f) Importer(815301076,1909f56bfc062723c751e8b465ee728b)
Start importing Assets/Prefabs/AbilitiyPickUp.prefab using Guid(254c92e3d684ef945b36387f6744317f) Importer(815301076,1909f56bfc062723c751e8b465ee728b)  -> (artifact id: '56f1da93dec739e3a34f152260031f89') in 0.027321 seconds
  Import took 0.030470 seconds .

========================================================================
Received Prepare
Registering precompiled user dll's ...
Registered in 0.001154 seconds.
Begin MonoManager ReloadAssembly
Native extension for WindowsStandalone target not found
Refreshing native plugins compatible for Editor in 0.35 ms, found 1 plugins.
Preloading 0 native plugins for Editor in 0.00 ms.
Mono: successfully reloaded assembly
- Completed reload, in  0.846 seconds
Platform modules already initialized, skipping
Refreshing native plugins compatible for Editor in 0.55 ms, found 1 plugins.
Preloading 0 native plugins for Editor in 0.00 ms.
Unloading 1826 Unused Serialized files (Serialized files now loaded: 0)
System memory in use before: 91.8 MB.
System memory in use after: 91.3 MB.

Unloading 23 unused Assets to reduce memory usage. Loaded Objects now: 2520.
Total: 2.179800 ms (FindLiveObjects: 0.216300 ms CreateObjectMapping: 0.069400 ms MarkObjects: 1.565200 ms  DeleteObjects: 0.327800 ms)

========================================================================
Received Prepare
Registering precompiled user dll's ...
Registered in 0.001240 seconds.
Begin MonoManager ReloadAssembly
Native extension for WindowsStandalone target not found
Refreshing native plugins compatible for Editor in 0.34 ms, found 1 plugins.
Preloading 0 native plugins for Editor in 0.00 ms.
Mono: successfully reloaded assembly
- Completed reload, in  0.830 seconds
Platform modules already initialized, skipping
Refreshing native plugins compatible for Editor in 0.33 ms, found 1 plugins.
Preloading 0 native plugins for Editor in 0.00 ms.
Unloading 1826 Unused Serialized files (Serialized files now loaded: 0)
System memory in use before: 91.9 MB.
System memory in use after: 91.4 MB.

Unloading 23 unused Assets to reduce memory usage. Loaded Objects now: 2524.
Total: 2.033700 ms (FindLiveObjects: 0.194700 ms CreateObjectMapping: 0.060300 ms MarkObjects: 1.475500 ms  DeleteObjects: 0.302300 ms)

========================================================================
Received Prepare
Registering precompiled user dll's ...
Registered in 0.001082 seconds.
Begin MonoManager ReloadAssembly
Native extension for WindowsStandalone target not found
Refreshing native plugins compatible for Editor in 0.43 ms, found 1 plugins.
Preloading 0 native plugins for Editor in 0.00 ms.
Mono: successfully reloaded assembly
- Completed reload, in  0.867 seconds
Platform modules already initialized, skipping
Refreshing native plugins compatible for Editor in 0.36 ms, found 1 plugins.
Preloading 0 native plugins for Editor in 0.00 ms.
Unloading 1826 Unused Serialized files (Serialized files now loaded: 0)
System memory in use before: 91.9 MB.
System memory in use after: 91.3 MB.

Unloading 23 unused Assets to reduce memory usage. Loaded Objects now: 2528.
Total: 2.385700 ms (FindLiveObjects: 0.223500 ms CreateObjectMapping: 0.069100 ms MarkObjects: 1.708200 ms  DeleteObjects: 0.383500 ms)

========================================================================
Received Prepare
Registering precompiled user dll's ...
Registered in 0.001124 seconds.
Begin MonoManager ReloadAssembly
Native extension for WindowsStandalone target not found
Refreshing native plugins compatible for Editor in 0.36 ms, found 1 plugins.
Preloading 0 native plugins for Editor in 0.00 ms.
Mono: successfully reloaded assembly
- Completed reload, in  0.905 seconds
Platform modules already initialized, skipping
Refreshing native plugins compatible for Editor in 0.39 ms, found 1 plugins.
Preloading 0 native plugins for Editor in 0.00 ms.
Unloading 1826 Unused Serialized files (Serialized files now loaded: 0)
System memory in use before: 91.9 MB.
System memory in use after: 91.3 MB.

Unloading 23 unused Assets to reduce memory usage. Loaded Objects now: 2532.
Total: 2.395500 ms (FindLiveObjects: 0.226400 ms CreateObjectMapping: 0.142000 ms MarkObjects: 1.676200 ms  DeleteObjects: 0.349800 ms)

========================================================================
Received Import Request.
  Time since last request: 213.576256 seconds.
  path: Assets/ScriptableObjects/Abilities/BecomeBall.asset
  artifactKey: Guid(e1a374d7d53e9f14ea8c1e01f94161fa) Importer(815301076,1909f56bfc062723c751e8b465ee728b)
Start importing Assets/ScriptableObjects/Abilities/BecomeBall.asset using Guid(e1a374d7d53e9f14ea8c1e01f94161fa) Importer(815301076,1909f56bfc062723c751e8b465ee728b)  -> (artifact id: 'b4dca74ca190198b24c34c2b950a2cab') in 0.014178 seconds
  Import took 0.017032 seconds .

AssetImportWorkerClient::OnTransportError - code=2 error=End of file
